timestamp: 2023-05-15T18:05:04.275383
CREATE TABLE "py4web_session"(
    "id" INTEGER PRIMARY KEY AUTOINCREMENT,
    "rkey" CHAR(512),
    "rvalue" TEXT,
    "expiration" INTEGER,
    "created_on" TIMESTAMP,
    "expires_on" TIMESTAMP
);
success!
timestamp: 2023-05-15T18:05:04.282389
CREATE TABLE "auth_user"(
    "id" INTEGER PRIMARY KEY AUTOINCREMENT,
    "username" CHAR(512) UNIQUE,
    "email" CHAR(512) UNIQUE,
    "password" CHAR(512),
    "first_name" CHAR(512),
    "last_name" CHAR(512),
    "sso_id" CHAR(512),
    "action_token" CHAR(512),
    "last_password_change" TIMESTAMP,
    "past_passwords_hash" TEXT
);
success!
timestamp: 2023-05-15T18:05:04.286388
CREATE TABLE "auth_user_tag_groups"(
    "id" INTEGER PRIMARY KEY AUTOINCREMENT,
    "tagpath" CHAR(512),
    "record_id" INTEGER REFERENCES "auth_user" ("id") ON DELETE CASCADE ON UPDATE CASCADE  
);
success!
timestamp: 2023-05-16T13:34:52.115780
CREATE TABLE "country"(
    "id" INTEGER PRIMARY KEY AUTOINCREMENT,
    "name" CHAR(512),
    "code" CHAR(512)
);
success!
timestamp: 2023-05-24T16:41:26.318491
CREATE TABLE "restaurants"(
    "id" INTEGER PRIMARY KEY AUTOINCREMENT,
    "restaurant_name" CHAR(512),
    "city" CHAR(512),
    "zipcode" INTEGER,
    "rating" CHAR(512),
    "number_of_reviews" CHAR(512),
    "cuisine" CHAR(512),
    "is_fastfood" CHAR(512)
);
success!
timestamp: 2023-05-24T16:41:26.323825
CREATE TABLE "tier_list"(
    "id" INTEGER PRIMARY KEY AUTOINCREMENT,
    "user_email" CHAR(512),
    "restaurant_id" CHAR(512)
);
success!
timestamp: 2023-05-24T16:48:40.457201
CREATE TABLE "restaurant"(
    "id" INTEGER PRIMARY KEY AUTOINCREMENT,
    "name" CHAR(512),
    "city" CHAR(512),
    "zipcode" INTEGER,
    "rating" CHAR(512),
    "number_of_reviews" CHAR(512),
    "cuisine" CHAR(512),
    "is_fastfood" CHAR(512)
);
success!
timestamp: 2023-06-09T15:12:41.902819
CREATE TABLE "restaurant"(
    "id" INTEGER PRIMARY KEY AUTOINCREMENT,
    "name" CHAR(512),
    "city" CHAR(512),
    "zipcode" INTEGER,
    "rating" CHAR(512),
    "number_of_reviews" CHAR(512),
    "cuisine" CHAR(512),
    "is_fastfood" CHAR(512)
);
timestamp: 2023-06-09T15:13:47.151821
CREATE TABLE "restaurant"(
    "id" INTEGER PRIMARY KEY AUTOINCREMENT,
    "name" CHAR(512),
    "city" CHAR(512),
    "zipcode" INTEGER,
    "rating" CHAR(512),
    "number_of_reviews" CHAR(512),
    "cuisine" CHAR(512),
    "is_fastfood" CHAR(512)
);
timestamp: 2023-06-09T15:14:37.684683
CREATE TABLE "restaurant"(
    "id" INTEGER PRIMARY KEY AUTOINCREMENT,
    "name" CHAR(512),
    "city" CHAR(512),
    "zipcode" INTEGER,
    "rating" CHAR(512),
    "number_of_reviews" CHAR(512),
    "cuisine" CHAR(512),
    "is_fastfood" CHAR(512)
);
timestamp: 2023-06-09T15:17:33.018400
CREATE TABLE "restaurant"(
    "id" INTEGER PRIMARY KEY AUTOINCREMENT,
    "name" CHAR(512),
    "city" CHAR(512),
    "zipcode" INTEGER,
    "rating" CHAR(512),
    "number_of_reviews" CHAR(512),
    "cuisine" CHAR(512),
    "is_fastfood" CHAR(512)
);
timestamp: 2023-06-09T15:18:25.880208
CREATE TABLE "restaurant"(
    "id" INTEGER PRIMARY KEY AUTOINCREMENT,
    "name" CHAR(512),
    "city" CHAR(512),
    "zipcode" INTEGER,
    "rating" CHAR(512),
    "number_of_reviews" CHAR(512),
    "cuisine" CHAR(512),
    "is_fastfood" CHAR(512)
);
timestamp: 2023-06-09T15:20:20.708048
CREATE TABLE "restaurant"(
    "id" INTEGER PRIMARY KEY AUTOINCREMENT,
    "name" CHAR(512),
    "city" CHAR(512),
    "zipcode" INTEGER,
    "rating" CHAR(512),
    "number_of_reviews" CHAR(512),
    "cuisine" CHAR(512),
    "is_fastfood" CHAR(512)
);
timestamp: 2023-06-09T15:20:59.185416
CREATE TABLE "restaurant"(
    "id" INTEGER PRIMARY KEY AUTOINCREMENT,
    "name" CHAR(512),
    "city" CHAR(512),
    "zipcode" INTEGER,
    "rating" CHAR(512),
    "number_of_reviews" CHAR(512),
    "cuisine" CHAR(512),
    "is_fastfood" CHAR(512)
);
timestamp: 2023-06-09T15:21:38.672325
CREATE TABLE "restaurant"(
    "id" INTEGER PRIMARY KEY AUTOINCREMENT,
    "name" CHAR(512),
    "city" CHAR(512),
    "zipcode" INTEGER,
    "rating" CHAR(512),
    "number_of_reviews" CHAR(512),
    "cuisine" CHAR(512),
    "is_fastfood" CHAR(512)
);
timestamp: 2023-06-09T15:26:03.374954
CREATE TABLE "restaurant"(
    "id" INTEGER PRIMARY KEY AUTOINCREMENT,
    "name" CHAR(512),
    "city" CHAR(512),
    "zipcode" INTEGER,
    "rating" CHAR(512),
    "number_of_reviews" CHAR(512),
    "cuisine" CHAR(512),
    "is_fastfood" CHAR(512)
);
timestamp: 2023-06-09T15:36:08.913837
CREATE TABLE "restaurant"(
    "id" INTEGER PRIMARY KEY AUTOINCREMENT,
    "name" CHAR(512),
    "city" CHAR(512),
    "zipcode" INTEGER,
    "rating" CHAR(512),
    "number_of_reviews" CHAR(512),
    "cuisine" CHAR(512),
    "is_fastfood" CHAR(512)
);
timestamp: 2023-06-09T15:37:11.126791
CREATE TABLE "restaurant"(
    "id" INTEGER PRIMARY KEY AUTOINCREMENT,
    "name" CHAR(512),
    "city" CHAR(512),
    "zipcode" INTEGER,
    "rating" CHAR(512),
    "number_of_reviews" CHAR(512),
    "cuisine" CHAR(512),
    "is_fastfood" CHAR(512)
);
timestamp: 2023-06-09T15:37:52.422520
CREATE TABLE "restaurant"(
    "id" INTEGER PRIMARY KEY AUTOINCREMENT,
    "name" CHAR(512),
    "city" CHAR(512),
    "zipcode" INTEGER,
    "rating" CHAR(512),
    "number_of_reviews" CHAR(512),
    "cuisine" CHAR(512),
    "is_fastfood" CHAR(512)
);
timestamp: 2023-06-09T15:45:52.022997
CREATE TABLE "restaurant"(
    "id" INTEGER PRIMARY KEY AUTOINCREMENT,
    "name" CHAR(512),
    "city" CHAR(512),
    "zipcode" INTEGER,
    "rating" CHAR(512),
    "number_of_reviews" CHAR(512),
    "cuisine" CHAR(512),
    "is_fastfood" CHAR(512)
);
timestamp: 2023-06-09T15:49:25.485674
CREATE TABLE "restaurant"(
    "id" INTEGER PRIMARY KEY AUTOINCREMENT,
    "name" CHAR(512),
    "city" CHAR(512),
    "zipcode" INTEGER,
    "rating" CHAR(512),
    "number_of_reviews" CHAR(512),
    "cuisine" CHAR(512),
    "is_fastfood" CHAR(512)
);
timestamp: 2023-06-09T15:49:39.162206
CREATE TABLE "restaurant"(
    "id" INTEGER PRIMARY KEY AUTOINCREMENT,
    "name" CHAR(512),
    "city" CHAR(512),
    "zipcode" INTEGER,
    "rating" CHAR(512),
    "number_of_reviews" CHAR(512),
    "cuisine" CHAR(512),
    "is_fastfood" CHAR(512)
);
timestamp: 2023-06-09T16:23:59.841562
CREATE TABLE "restaurant"(
    "id" INTEGER PRIMARY KEY AUTOINCREMENT,
    "name" CHAR(512),
    "city" CHAR(512),
    "zipcode" INTEGER,
    "rating" CHAR(512),
    "number_of_reviews" CHAR(512),
    "cuisine" CHAR(512),
    "is_fastfood" CHAR(512)
);
timestamp: 2023-06-09T16:29:47.112719
CREATE TABLE "restaurant"(
    "id" INTEGER PRIMARY KEY AUTOINCREMENT,
    "name" CHAR(512),
    "city" CHAR(512),
    "zipcode" INTEGER,
    "rating" CHAR(512),
    "number_of_reviews" CHAR(512),
    "cuisine" CHAR(512),
    "is_fastfood" CHAR(512)
);
timestamp: 2023-06-09T16:37:29.132773
CREATE TABLE "restaurant"(
    "id" INTEGER PRIMARY KEY AUTOINCREMENT,
    "name" CHAR(512),
    "city" CHAR(512),
    "zipcode" INTEGER,
    "rating" CHAR(512),
    "number_of_reviews" CHAR(512),
    "cuisine" CHAR(512),
    "is_fastfood" CHAR(512)
);
timestamp: 2023-06-09T16:37:54.909806
CREATE TABLE "restaurant"(
    "id" INTEGER PRIMARY KEY AUTOINCREMENT,
    "name" CHAR(512),
    "city" CHAR(512),
    "zipcode" INTEGER,
    "rating" CHAR(512),
    "number_of_reviews" CHAR(512),
    "cuisine" CHAR(512),
    "is_fastfood" CHAR(512)
);
timestamp: 2023-06-09T16:38:56.770720
CREATE TABLE "restaurant"(
    "id" INTEGER PRIMARY KEY AUTOINCREMENT,
    "name" CHAR(512),
    "city" CHAR(512),
    "zipcode" INTEGER,
    "rating" CHAR(512),
    "number_of_reviews" CHAR(512),
    "cuisine" CHAR(512),
    "is_fastfood" CHAR(512)
);
timestamp: 2023-06-09T20:25:45.792945
CREATE TABLE "restaurant"(
    "id" INTEGER PRIMARY KEY AUTOINCREMENT,
    "name" CHAR(512),
    "city" CHAR(512),
    "zipcode" INTEGER,
    "rating" CHAR(512),
    "number_of_reviews" CHAR(512),
    "cuisine" CHAR(512),
    "is_fastfood" CHAR(512)
);
timestamp: 2023-06-09T20:33:11.340214
CREATE TABLE "restaurant"(
    "id" INTEGER PRIMARY KEY AUTOINCREMENT,
    "name" CHAR(512),
    "city" CHAR(512),
    "zipcode" INTEGER,
    "rating" CHAR(512),
    "number_of_reviews" CHAR(512),
    "cuisine" CHAR(512),
    "is_fastfood" CHAR(512)
);
