timestamp: 2023-05-15T18:05:04.275383
CREATE TABLE "py4web_session"(
    "id" INTEGER PRIMARY KEY AUTOINCREMENT,
    "rkey" CHAR(512),
    "rvalue" TEXT,
    "expiration" INTEGER,
    "created_on" TIMESTAMP,
    "expires_on" TIMESTAMP
);
success!
timestamp: 2023-05-15T18:05:04.282389
CREATE TABLE "auth_user"(
    "id" INTEGER PRIMARY KEY AUTOINCREMENT,
    "username" CHAR(512) UNIQUE,
    "email" CHAR(512) UNIQUE,
    "password" CHAR(512),
    "first_name" CHAR(512),
    "last_name" CHAR(512),
    "sso_id" CHAR(512),
    "action_token" CHAR(512),
    "last_password_change" TIMESTAMP,
    "past_passwords_hash" TEXT
);
success!
timestamp: 2023-05-15T18:05:04.286388
CREATE TABLE "auth_user_tag_groups"(
    "id" INTEGER PRIMARY KEY AUTOINCREMENT,
    "tagpath" CHAR(512),
    "record_id" INTEGER REFERENCES "auth_user" ("id") ON DELETE CASCADE ON UPDATE CASCADE  
);
success!
timestamp: 2023-05-16T13:34:52.115780
CREATE TABLE "country"(
    "id" INTEGER PRIMARY KEY AUTOINCREMENT,
    "name" CHAR(512),
    "code" CHAR(512)
);
success!
timestamp: 2023-05-24T16:41:26.318491
CREATE TABLE "restaurants"(
    "id" INTEGER PRIMARY KEY AUTOINCREMENT,
    "restaurant_name" CHAR(512),
    "city" CHAR(512),
    "zipcode" INTEGER,
    "rating" CHAR(512),
    "number_of_reviews" CHAR(512),
    "cuisine" CHAR(512),
    "is_fastfood" CHAR(512)
);
success!
timestamp: 2023-05-24T16:41:26.323825
CREATE TABLE "tier_list"(
    "id" INTEGER PRIMARY KEY AUTOINCREMENT,
    "user_email" CHAR(512),
    "restaurant_id" CHAR(512)
);
success!
timestamp: 2023-05-24T16:48:40.457201
CREATE TABLE "restaurant"(
    "id" INTEGER PRIMARY KEY AUTOINCREMENT,
    "name" CHAR(512),
    "city" CHAR(512),
    "zipcode" INTEGER,
    "rating" CHAR(512),
    "number_of_reviews" CHAR(512),
    "cuisine" CHAR(512),
    "is_fastfood" CHAR(512)
);
success!
success!
success!
success!
success!
success!
timestamp: 2023-06-07T22:29:57.333750
CREATE TABLE "stars"(
    "id" INTEGER PRIMARY KEY AUTOINCREMENT,
    "restaurant_id" INTEGER REFERENCES "restaurant" ("id") ON DELETE CASCADE ON UPDATE CASCADE  ,
    "rating" INTEGER,
    "rater" INTEGER REFERENCES "auth_user" ("id") ON DELETE CASCADE ON UPDATE CASCADE  
);
success!
success!
success!
success!
success!
timestamp: 2023-06-09T13:21:53.916606
ALTER TABLE "stars" ADD "u_rating" INTEGER;
success!
success!
success!
success!
success!
success!
success!
success!
success!
success!
success!
