timestamp: 2023-05-15T18:04:10.896295
CREATE TABLE "py4web_error"(
    "id" INTEGER PRIMARY KEY AUTOINCREMENT,
    "uuid" CHAR(512),
    "app_name" CHAR(512),
    "method" CHAR(512),
    "path" CHAR(512),
    "timestamp" TIMESTAMP,
    "client_ip" CHAR(512),
    "error" CHAR(512),
    "snapshot" TEXT
);
success!
timestamp: 2023-05-15T18:08:21.581775
CREATE TABLE "py4web_error"(
    "id" INTEGER PRIMARY KEY AUTOINCREMENT,
    "uuid" CHAR(512),
    "app_name" CHAR(512),
    "method" CHAR(512),
    "path" CHAR(512),
    "timestamp" TIMESTAMP,
    "client_ip" CHAR(512),
    "error" CHAR(512),
    "snapshot" TEXT
);
timestamp: 2023-05-16T12:41:09.309494
CREATE TABLE "py4web_error"(
    "id" INTEGER PRIMARY KEY AUTOINCREMENT,
    "uuid" CHAR(512),
    "app_name" CHAR(512),
    "method" CHAR(512),
    "path" CHAR(512),
    "timestamp" TIMESTAMP,
    "client_ip" CHAR(512),
    "error" CHAR(512),
    "snapshot" TEXT
);
timestamp: 2023-05-16T12:41:53.950569
CREATE TABLE "py4web_error"(
    "id" INTEGER PRIMARY KEY AUTOINCREMENT,
    "uuid" CHAR(512),
    "app_name" CHAR(512),
    "method" CHAR(512),
    "path" CHAR(512),
    "timestamp" TIMESTAMP,
    "client_ip" CHAR(512),
    "error" CHAR(512),
    "snapshot" TEXT
);
timestamp: 2023-05-17T15:29:16.085746
CREATE TABLE "py4web_error"(
    "id" INTEGER PRIMARY KEY AUTOINCREMENT,
    "uuid" CHAR(512),
    "app_name" CHAR(512),
    "method" CHAR(512),
    "path" CHAR(512),
    "timestamp" TIMESTAMP,
    "client_ip" CHAR(512),
    "error" CHAR(512),
    "snapshot" TEXT
);
timestamp: 2023-05-24T16:31:06.921320
CREATE TABLE "py4web_error"(
    "id" INTEGER PRIMARY KEY AUTOINCREMENT,
    "uuid" CHAR(512),
    "app_name" CHAR(512),
    "method" CHAR(512),
    "path" CHAR(512),
    "timestamp" TIMESTAMP,
    "client_ip" CHAR(512),
    "error" CHAR(512),
    "snapshot" TEXT
);
timestamp: 2023-05-24T16:31:47.938600
CREATE TABLE "py4web_error"(
    "id" INTEGER PRIMARY KEY AUTOINCREMENT,
    "uuid" CHAR(512),
    "app_name" CHAR(512),
    "method" CHAR(512),
    "path" CHAR(512),
    "timestamp" TIMESTAMP,
    "client_ip" CHAR(512),
    "error" CHAR(512),
    "snapshot" TEXT
);
timestamp: 2023-05-24T16:32:20.224118
CREATE TABLE "py4web_error"(
    "id" INTEGER PRIMARY KEY AUTOINCREMENT,
    "uuid" CHAR(512),
    "app_name" CHAR(512),
    "method" CHAR(512),
    "path" CHAR(512),
    "timestamp" TIMESTAMP,
    "client_ip" CHAR(512),
    "error" CHAR(512),
    "snapshot" TEXT
);
timestamp: 2023-05-24T16:41:24.676474
CREATE TABLE "py4web_error"(
    "id" INTEGER PRIMARY KEY AUTOINCREMENT,
    "uuid" CHAR(512),
    "app_name" CHAR(512),
    "method" CHAR(512),
    "path" CHAR(512),
    "timestamp" TIMESTAMP,
    "client_ip" CHAR(512),
    "error" CHAR(512),
    "snapshot" TEXT
);
timestamp: 2023-05-24T16:49:02.518814
CREATE TABLE "py4web_error"(
    "id" INTEGER PRIMARY KEY AUTOINCREMENT,
    "uuid" CHAR(512),
    "app_name" CHAR(512),
    "method" CHAR(512),
    "path" CHAR(512),
    "timestamp" TIMESTAMP,
    "client_ip" CHAR(512),
    "error" CHAR(512),
    "snapshot" TEXT
);
timestamp: 2023-05-24T16:49:28.429020
CREATE TABLE "py4web_error"(
    "id" INTEGER PRIMARY KEY AUTOINCREMENT,
    "uuid" CHAR(512),
    "app_name" CHAR(512),
    "method" CHAR(512),
    "path" CHAR(512),
    "timestamp" TIMESTAMP,
    "client_ip" CHAR(512),
    "error" CHAR(512),
    "snapshot" TEXT
);
timestamp: 2023-05-24T16:53:16.950810
CREATE TABLE "py4web_error"(
    "id" INTEGER PRIMARY KEY AUTOINCREMENT,
    "uuid" CHAR(512),
    "app_name" CHAR(512),
    "method" CHAR(512),
    "path" CHAR(512),
    "timestamp" TIMESTAMP,
    "client_ip" CHAR(512),
    "error" CHAR(512),
    "snapshot" TEXT
);
timestamp: 2023-05-24T17:37:57.490010
CREATE TABLE "py4web_error"(
    "id" INTEGER PRIMARY KEY AUTOINCREMENT,
    "uuid" CHAR(512),
    "app_name" CHAR(512),
    "method" CHAR(512),
    "path" CHAR(512),
    "timestamp" TIMESTAMP,
    "client_ip" CHAR(512),
    "error" CHAR(512),
    "snapshot" TEXT
);
timestamp: 2023-05-24T17:48:28.132533
CREATE TABLE "py4web_error"(
    "id" INTEGER PRIMARY KEY AUTOINCREMENT,
    "uuid" CHAR(512),
    "app_name" CHAR(512),
    "method" CHAR(512),
    "path" CHAR(512),
    "timestamp" TIMESTAMP,
    "client_ip" CHAR(512),
    "error" CHAR(512),
    "snapshot" TEXT
);
timestamp: 2023-05-24T17:50:00.358819
CREATE TABLE "py4web_error"(
    "id" INTEGER PRIMARY KEY AUTOINCREMENT,
    "uuid" CHAR(512),
    "app_name" CHAR(512),
    "method" CHAR(512),
    "path" CHAR(512),
    "timestamp" TIMESTAMP,
    "client_ip" CHAR(512),
    "error" CHAR(512),
    "snapshot" TEXT
);
timestamp: 2023-05-25T22:31:24.941125
CREATE TABLE "py4web_error"(
    "id" INTEGER PRIMARY KEY AUTOINCREMENT,
    "uuid" CHAR(512),
    "app_name" CHAR(512),
    "method" CHAR(512),
    "path" CHAR(512),
    "timestamp" TIMESTAMP,
    "client_ip" CHAR(512),
    "error" CHAR(512),
    "snapshot" TEXT
);
timestamp: 2023-05-25T22:41:44.783323
CREATE TABLE "py4web_error"(
    "id" INTEGER PRIMARY KEY AUTOINCREMENT,
    "uuid" CHAR(512),
    "app_name" CHAR(512),
    "method" CHAR(512),
    "path" CHAR(512),
    "timestamp" TIMESTAMP,
    "client_ip" CHAR(512),
    "error" CHAR(512),
    "snapshot" TEXT
);
timestamp: 2023-05-25T22:46:29.152849
CREATE TABLE "py4web_error"(
    "id" INTEGER PRIMARY KEY AUTOINCREMENT,
    "uuid" CHAR(512),
    "app_name" CHAR(512),
    "method" CHAR(512),
    "path" CHAR(512),
    "timestamp" TIMESTAMP,
    "client_ip" CHAR(512),
    "error" CHAR(512),
    "snapshot" TEXT
);
timestamp: 2023-05-25T22:50:42.403237
CREATE TABLE "py4web_error"(
    "id" INTEGER PRIMARY KEY AUTOINCREMENT,
    "uuid" CHAR(512),
    "app_name" CHAR(512),
    "method" CHAR(512),
    "path" CHAR(512),
    "timestamp" TIMESTAMP,
    "client_ip" CHAR(512),
    "error" CHAR(512),
    "snapshot" TEXT
);
timestamp: 2023-05-28T17:48:13.092456
CREATE TABLE "py4web_error"(
    "id" INTEGER PRIMARY KEY AUTOINCREMENT,
    "uuid" CHAR(512),
    "app_name" CHAR(512),
    "method" CHAR(512),
    "path" CHAR(512),
    "timestamp" TIMESTAMP,
    "client_ip" CHAR(512),
    "error" CHAR(512),
    "snapshot" TEXT
);
timestamp: 2023-05-28T19:12:11.577132
CREATE TABLE "py4web_error"(
    "id" INTEGER PRIMARY KEY AUTOINCREMENT,
    "uuid" CHAR(512),
    "app_name" CHAR(512),
    "method" CHAR(512),
    "path" CHAR(512),
    "timestamp" TIMESTAMP,
    "client_ip" CHAR(512),
    "error" CHAR(512),
    "snapshot" TEXT
);
timestamp: 2023-05-28T19:14:08.868005
CREATE TABLE "py4web_error"(
    "id" INTEGER PRIMARY KEY AUTOINCREMENT,
    "uuid" CHAR(512),
    "app_name" CHAR(512),
    "method" CHAR(512),
    "path" CHAR(512),
    "timestamp" TIMESTAMP,
    "client_ip" CHAR(512),
    "error" CHAR(512),
    "snapshot" TEXT
);
timestamp: 2023-05-28T19:14:58.841877
CREATE TABLE "py4web_error"(
    "id" INTEGER PRIMARY KEY AUTOINCREMENT,
    "uuid" CHAR(512),
    "app_name" CHAR(512),
    "method" CHAR(512),
    "path" CHAR(512),
    "timestamp" TIMESTAMP,
    "client_ip" CHAR(512),
    "error" CHAR(512),
    "snapshot" TEXT
);
timestamp: 2023-06-01T12:42:02.442214
CREATE TABLE "py4web_error"(
    "id" INTEGER PRIMARY KEY AUTOINCREMENT,
    "uuid" CHAR(512),
    "app_name" CHAR(512),
    "method" CHAR(512),
    "path" CHAR(512),
    "timestamp" TIMESTAMP,
    "client_ip" CHAR(512),
    "error" CHAR(512),
    "snapshot" TEXT
);
timestamp: 2023-06-01T17:53:19.279686
CREATE TABLE "py4web_error"(
    "id" INTEGER PRIMARY KEY AUTOINCREMENT,
    "uuid" CHAR(512),
    "app_name" CHAR(512),
    "method" CHAR(512),
    "path" CHAR(512),
    "timestamp" TIMESTAMP,
    "client_ip" CHAR(512),
    "error" CHAR(512),
    "snapshot" TEXT
);
timestamp: 2023-06-01T17:54:52.005192
CREATE TABLE "py4web_error"(
    "id" INTEGER PRIMARY KEY AUTOINCREMENT,
    "uuid" CHAR(512),
    "app_name" CHAR(512),
    "method" CHAR(512),
    "path" CHAR(512),
    "timestamp" TIMESTAMP,
    "client_ip" CHAR(512),
    "error" CHAR(512),
    "snapshot" TEXT
);
timestamp: 2023-06-01T18:01:47.313147
CREATE TABLE "py4web_error"(
    "id" INTEGER PRIMARY KEY AUTOINCREMENT,
    "uuid" CHAR(512),
    "app_name" CHAR(512),
    "method" CHAR(512),
    "path" CHAR(512),
    "timestamp" TIMESTAMP,
    "client_ip" CHAR(512),
    "error" CHAR(512),
    "snapshot" TEXT
);
timestamp: 2023-06-01T18:03:54.502766
CREATE TABLE "py4web_error"(
    "id" INTEGER PRIMARY KEY AUTOINCREMENT,
    "uuid" CHAR(512),
    "app_name" CHAR(512),
    "method" CHAR(512),
    "path" CHAR(512),
    "timestamp" TIMESTAMP,
    "client_ip" CHAR(512),
    "error" CHAR(512),
    "snapshot" TEXT
);
timestamp: 2023-06-01T23:03:50.032144
CREATE TABLE "py4web_error"(
    "id" INTEGER PRIMARY KEY AUTOINCREMENT,
    "uuid" CHAR(512),
    "app_name" CHAR(512),
    "method" CHAR(512),
    "path" CHAR(512),
    "timestamp" TIMESTAMP,
    "client_ip" CHAR(512),
    "error" CHAR(512),
    "snapshot" TEXT
);
timestamp: 2023-06-01T23:04:44.115222
CREATE TABLE "py4web_error"(
    "id" INTEGER PRIMARY KEY AUTOINCREMENT,
    "uuid" CHAR(512),
    "app_name" CHAR(512),
    "method" CHAR(512),
    "path" CHAR(512),
    "timestamp" TIMESTAMP,
    "client_ip" CHAR(512),
    "error" CHAR(512),
    "snapshot" TEXT
);
timestamp: 2023-06-01T23:04:55.652033
CREATE TABLE "py4web_error"(
    "id" INTEGER PRIMARY KEY AUTOINCREMENT,
    "uuid" CHAR(512),
    "app_name" CHAR(512),
    "method" CHAR(512),
    "path" CHAR(512),
    "timestamp" TIMESTAMP,
    "client_ip" CHAR(512),
    "error" CHAR(512),
    "snapshot" TEXT
);
timestamp: 2023-06-01T23:05:36.320127
CREATE TABLE "py4web_error"(
    "id" INTEGER PRIMARY KEY AUTOINCREMENT,
    "uuid" CHAR(512),
    "app_name" CHAR(512),
    "method" CHAR(512),
    "path" CHAR(512),
    "timestamp" TIMESTAMP,
    "client_ip" CHAR(512),
    "error" CHAR(512),
    "snapshot" TEXT
);
timestamp: 2023-06-02T17:13:16.457148
CREATE TABLE "py4web_error"(
    "id" INTEGER PRIMARY KEY AUTOINCREMENT,
    "uuid" CHAR(512),
    "app_name" CHAR(512),
    "method" CHAR(512),
    "path" CHAR(512),
    "timestamp" TIMESTAMP,
    "client_ip" CHAR(512),
    "error" CHAR(512),
    "snapshot" TEXT
);
timestamp: 2023-06-07T21:52:23.133219
CREATE TABLE "py4web_error"(
    "id" INTEGER PRIMARY KEY AUTOINCREMENT,
    "uuid" CHAR(512),
    "app_name" CHAR(512),
    "method" CHAR(512),
    "path" CHAR(512),
    "timestamp" TIMESTAMP,
    "client_ip" CHAR(512),
    "error" CHAR(512),
    "snapshot" TEXT
);
timestamp: 2023-06-08T21:16:52.253223
CREATE TABLE "py4web_error"(
    "id" INTEGER PRIMARY KEY AUTOINCREMENT,
    "uuid" CHAR(512),
    "app_name" CHAR(512),
    "method" CHAR(512),
    "path" CHAR(512),
    "timestamp" TIMESTAMP,
    "client_ip" CHAR(512),
    "error" CHAR(512),
    "snapshot" TEXT
);
timestamp: 2023-06-09T14:46:45.715995
CREATE TABLE "py4web_error"(
    "id" INTEGER PRIMARY KEY AUTOINCREMENT,
    "uuid" CHAR(512),
    "app_name" CHAR(512),
    "method" CHAR(512),
    "path" CHAR(512),
    "timestamp" TIMESTAMP,
    "client_ip" CHAR(512),
    "error" CHAR(512),
    "snapshot" TEXT
);
timestamp: 2023-06-09T15:00:25.662265
CREATE TABLE "py4web_error"(
    "id" INTEGER PRIMARY KEY AUTOINCREMENT,
    "uuid" CHAR(512),
    "app_name" CHAR(512),
    "method" CHAR(512),
    "path" CHAR(512),
    "timestamp" TIMESTAMP,
    "client_ip" CHAR(512),
    "error" CHAR(512),
    "snapshot" TEXT
);
timestamp: 2023-06-09T15:00:59.564564
CREATE TABLE "py4web_error"(
    "id" INTEGER PRIMARY KEY AUTOINCREMENT,
    "uuid" CHAR(512),
    "app_name" CHAR(512),
    "method" CHAR(512),
    "path" CHAR(512),
    "timestamp" TIMESTAMP,
    "client_ip" CHAR(512),
    "error" CHAR(512),
    "snapshot" TEXT
);
timestamp: 2023-06-09T15:02:57.021772
CREATE TABLE "py4web_error"(
    "id" INTEGER PRIMARY KEY AUTOINCREMENT,
    "uuid" CHAR(512),
    "app_name" CHAR(512),
    "method" CHAR(512),
    "path" CHAR(512),
    "timestamp" TIMESTAMP,
    "client_ip" CHAR(512),
    "error" CHAR(512),
    "snapshot" TEXT
);
timestamp: 2023-06-09T15:04:31.699708
CREATE TABLE "py4web_error"(
    "id" INTEGER PRIMARY KEY AUTOINCREMENT,
    "uuid" CHAR(512),
    "app_name" CHAR(512),
    "method" CHAR(512),
    "path" CHAR(512),
    "timestamp" TIMESTAMP,
    "client_ip" CHAR(512),
    "error" CHAR(512),
    "snapshot" TEXT
);
timestamp: 2023-06-09T15:04:56.402458
CREATE TABLE "py4web_error"(
    "id" INTEGER PRIMARY KEY AUTOINCREMENT,
    "uuid" CHAR(512),
    "app_name" CHAR(512),
    "method" CHAR(512),
    "path" CHAR(512),
    "timestamp" TIMESTAMP,
    "client_ip" CHAR(512),
    "error" CHAR(512),
    "snapshot" TEXT
);
timestamp: 2023-06-09T15:06:05.027747
CREATE TABLE "py4web_error"(
    "id" INTEGER PRIMARY KEY AUTOINCREMENT,
    "uuid" CHAR(512),
    "app_name" CHAR(512),
    "method" CHAR(512),
    "path" CHAR(512),
    "timestamp" TIMESTAMP,
    "client_ip" CHAR(512),
    "error" CHAR(512),
    "snapshot" TEXT
);
timestamp: 2023-06-09T15:08:36.538850
CREATE TABLE "py4web_error"(
    "id" INTEGER PRIMARY KEY AUTOINCREMENT,
    "uuid" CHAR(512),
    "app_name" CHAR(512),
    "method" CHAR(512),
    "path" CHAR(512),
    "timestamp" TIMESTAMP,
    "client_ip" CHAR(512),
    "error" CHAR(512),
    "snapshot" TEXT
);
timestamp: 2023-06-09T15:09:21.047217
CREATE TABLE "py4web_error"(
    "id" INTEGER PRIMARY KEY AUTOINCREMENT,
    "uuid" CHAR(512),
    "app_name" CHAR(512),
    "method" CHAR(512),
    "path" CHAR(512),
    "timestamp" TIMESTAMP,
    "client_ip" CHAR(512),
    "error" CHAR(512),
    "snapshot" TEXT
);
timestamp: 2023-06-09T15:09:53.864493
CREATE TABLE "py4web_error"(
    "id" INTEGER PRIMARY KEY AUTOINCREMENT,
    "uuid" CHAR(512),
    "app_name" CHAR(512),
    "method" CHAR(512),
    "path" CHAR(512),
    "timestamp" TIMESTAMP,
    "client_ip" CHAR(512),
    "error" CHAR(512),
    "snapshot" TEXT
);
timestamp: 2023-06-09T15:12:41.651811
CREATE TABLE "py4web_error"(
    "id" INTEGER PRIMARY KEY AUTOINCREMENT,
    "uuid" CHAR(512),
    "app_name" CHAR(512),
    "method" CHAR(512),
    "path" CHAR(512),
    "timestamp" TIMESTAMP,
    "client_ip" CHAR(512),
    "error" CHAR(512),
    "snapshot" TEXT
);
timestamp: 2023-06-09T15:13:46.922269
CREATE TABLE "py4web_error"(
    "id" INTEGER PRIMARY KEY AUTOINCREMENT,
    "uuid" CHAR(512),
    "app_name" CHAR(512),
    "method" CHAR(512),
    "path" CHAR(512),
    "timestamp" TIMESTAMP,
    "client_ip" CHAR(512),
    "error" CHAR(512),
    "snapshot" TEXT
);
timestamp: 2023-06-09T15:14:37.435326
CREATE TABLE "py4web_error"(
    "id" INTEGER PRIMARY KEY AUTOINCREMENT,
    "uuid" CHAR(512),
    "app_name" CHAR(512),
    "method" CHAR(512),
    "path" CHAR(512),
    "timestamp" TIMESTAMP,
    "client_ip" CHAR(512),
    "error" CHAR(512),
    "snapshot" TEXT
);
timestamp: 2023-06-09T15:17:31.191959
CREATE TABLE "py4web_error"(
    "id" INTEGER PRIMARY KEY AUTOINCREMENT,
    "uuid" CHAR(512),
    "app_name" CHAR(512),
    "method" CHAR(512),
    "path" CHAR(512),
    "timestamp" TIMESTAMP,
    "client_ip" CHAR(512),
    "error" CHAR(512),
    "snapshot" TEXT
);
timestamp: 2023-06-09T15:18:25.595576
CREATE TABLE "py4web_error"(
    "id" INTEGER PRIMARY KEY AUTOINCREMENT,
    "uuid" CHAR(512),
    "app_name" CHAR(512),
    "method" CHAR(512),
    "path" CHAR(512),
    "timestamp" TIMESTAMP,
    "client_ip" CHAR(512),
    "error" CHAR(512),
    "snapshot" TEXT
);
timestamp: 2023-06-09T15:20:20.382124
CREATE TABLE "py4web_error"(
    "id" INTEGER PRIMARY KEY AUTOINCREMENT,
    "uuid" CHAR(512),
    "app_name" CHAR(512),
    "method" CHAR(512),
    "path" CHAR(512),
    "timestamp" TIMESTAMP,
    "client_ip" CHAR(512),
    "error" CHAR(512),
    "snapshot" TEXT
);
timestamp: 2023-06-09T15:20:59.070414
CREATE TABLE "py4web_error"(
    "id" INTEGER PRIMARY KEY AUTOINCREMENT,
    "uuid" CHAR(512),
    "app_name" CHAR(512),
    "method" CHAR(512),
    "path" CHAR(512),
    "timestamp" TIMESTAMP,
    "client_ip" CHAR(512),
    "error" CHAR(512),
    "snapshot" TEXT
);
timestamp: 2023-06-09T15:21:38.516993
CREATE TABLE "py4web_error"(
    "id" INTEGER PRIMARY KEY AUTOINCREMENT,
    "uuid" CHAR(512),
    "app_name" CHAR(512),
    "method" CHAR(512),
    "path" CHAR(512),
    "timestamp" TIMESTAMP,
    "client_ip" CHAR(512),
    "error" CHAR(512),
    "snapshot" TEXT
);
timestamp: 2023-06-09T15:26:01.374505
CREATE TABLE "py4web_error"(
    "id" INTEGER PRIMARY KEY AUTOINCREMENT,
    "uuid" CHAR(512),
    "app_name" CHAR(512),
    "method" CHAR(512),
    "path" CHAR(512),
    "timestamp" TIMESTAMP,
    "client_ip" CHAR(512),
    "error" CHAR(512),
    "snapshot" TEXT
);
timestamp: 2023-06-09T15:36:07.203228
CREATE TABLE "py4web_error"(
    "id" INTEGER PRIMARY KEY AUTOINCREMENT,
    "uuid" CHAR(512),
    "app_name" CHAR(512),
    "method" CHAR(512),
    "path" CHAR(512),
    "timestamp" TIMESTAMP,
    "client_ip" CHAR(512),
    "error" CHAR(512),
    "snapshot" TEXT
);
timestamp: 2023-06-09T15:37:10.972150
CREATE TABLE "py4web_error"(
    "id" INTEGER PRIMARY KEY AUTOINCREMENT,
    "uuid" CHAR(512),
    "app_name" CHAR(512),
    "method" CHAR(512),
    "path" CHAR(512),
    "timestamp" TIMESTAMP,
    "client_ip" CHAR(512),
    "error" CHAR(512),
    "snapshot" TEXT
);
timestamp: 2023-06-09T15:37:52.306586
CREATE TABLE "py4web_error"(
    "id" INTEGER PRIMARY KEY AUTOINCREMENT,
    "uuid" CHAR(512),
    "app_name" CHAR(512),
    "method" CHAR(512),
    "path" CHAR(512),
    "timestamp" TIMESTAMP,
    "client_ip" CHAR(512),
    "error" CHAR(512),
    "snapshot" TEXT
);
timestamp: 2023-06-09T15:45:50.136110
CREATE TABLE "py4web_error"(
    "id" INTEGER PRIMARY KEY AUTOINCREMENT,
    "uuid" CHAR(512),
    "app_name" CHAR(512),
    "method" CHAR(512),
    "path" CHAR(512),
    "timestamp" TIMESTAMP,
    "client_ip" CHAR(512),
    "error" CHAR(512),
    "snapshot" TEXT
);
timestamp: 2023-06-09T15:49:25.395595
CREATE TABLE "py4web_error"(
    "id" INTEGER PRIMARY KEY AUTOINCREMENT,
    "uuid" CHAR(512),
    "app_name" CHAR(512),
    "method" CHAR(512),
    "path" CHAR(512),
    "timestamp" TIMESTAMP,
    "client_ip" CHAR(512),
    "error" CHAR(512),
    "snapshot" TEXT
);
timestamp: 2023-06-09T15:49:39.047040
CREATE TABLE "py4web_error"(
    "id" INTEGER PRIMARY KEY AUTOINCREMENT,
    "uuid" CHAR(512),
    "app_name" CHAR(512),
    "method" CHAR(512),
    "path" CHAR(512),
    "timestamp" TIMESTAMP,
    "client_ip" CHAR(512),
    "error" CHAR(512),
    "snapshot" TEXT
);
timestamp: 2023-06-09T16:23:58.020554
CREATE TABLE "py4web_error"(
    "id" INTEGER PRIMARY KEY AUTOINCREMENT,
    "uuid" CHAR(512),
    "app_name" CHAR(512),
    "method" CHAR(512),
    "path" CHAR(512),
    "timestamp" TIMESTAMP,
    "client_ip" CHAR(512),
    "error" CHAR(512),
    "snapshot" TEXT
);
timestamp: 2023-06-09T16:29:46.976460
CREATE TABLE "py4web_error"(
    "id" INTEGER PRIMARY KEY AUTOINCREMENT,
    "uuid" CHAR(512),
    "app_name" CHAR(512),
    "method" CHAR(512),
    "path" CHAR(512),
    "timestamp" TIMESTAMP,
    "client_ip" CHAR(512),
    "error" CHAR(512),
    "snapshot" TEXT
);
timestamp: 2023-06-09T16:37:29.023274
CREATE TABLE "py4web_error"(
    "id" INTEGER PRIMARY KEY AUTOINCREMENT,
    "uuid" CHAR(512),
    "app_name" CHAR(512),
    "method" CHAR(512),
    "path" CHAR(512),
    "timestamp" TIMESTAMP,
    "client_ip" CHAR(512),
    "error" CHAR(512),
    "snapshot" TEXT
);
timestamp: 2023-06-09T16:37:54.799924
CREATE TABLE "py4web_error"(
    "id" INTEGER PRIMARY KEY AUTOINCREMENT,
    "uuid" CHAR(512),
    "app_name" CHAR(512),
    "method" CHAR(512),
    "path" CHAR(512),
    "timestamp" TIMESTAMP,
    "client_ip" CHAR(512),
    "error" CHAR(512),
    "snapshot" TEXT
);
timestamp: 2023-06-09T16:38:56.676648
CREATE TABLE "py4web_error"(
    "id" INTEGER PRIMARY KEY AUTOINCREMENT,
    "uuid" CHAR(512),
    "app_name" CHAR(512),
    "method" CHAR(512),
    "path" CHAR(512),
    "timestamp" TIMESTAMP,
    "client_ip" CHAR(512),
    "error" CHAR(512),
    "snapshot" TEXT
);
timestamp: 2023-06-09T20:25:45.709774
CREATE TABLE "py4web_error"(
    "id" INTEGER PRIMARY KEY AUTOINCREMENT,
    "uuid" CHAR(512),
    "app_name" CHAR(512),
    "method" CHAR(512),
    "path" CHAR(512),
    "timestamp" TIMESTAMP,
    "client_ip" CHAR(512),
    "error" CHAR(512),
    "snapshot" TEXT
);
timestamp: 2023-06-09T20:33:11.250440
CREATE TABLE "py4web_error"(
    "id" INTEGER PRIMARY KEY AUTOINCREMENT,
    "uuid" CHAR(512),
    "app_name" CHAR(512),
    "method" CHAR(512),
    "path" CHAR(512),
    "timestamp" TIMESTAMP,
    "client_ip" CHAR(512),
    "error" CHAR(512),
    "snapshot" TEXT
);
timestamp: 2023-06-09T20:59:11.526040
CREATE TABLE "py4web_error"(
    "id" INTEGER PRIMARY KEY AUTOINCREMENT,
    "uuid" CHAR(512),
    "app_name" CHAR(512),
    "method" CHAR(512),
    "path" CHAR(512),
    "timestamp" TIMESTAMP,
    "client_ip" CHAR(512),
    "error" CHAR(512),
    "snapshot" TEXT
);
timestamp: 2023-06-09T22:11:19.713100
CREATE TABLE "py4web_error"(
    "id" INTEGER PRIMARY KEY AUTOINCREMENT,
    "uuid" CHAR(512),
    "app_name" CHAR(512),
    "method" CHAR(512),
    "path" CHAR(512),
    "timestamp" TIMESTAMP,
    "client_ip" CHAR(512),
    "error" CHAR(512),
    "snapshot" TEXT
);
timestamp: 2023-06-09T22:41:05.390543
CREATE TABLE "py4web_error"(
    "id" INTEGER PRIMARY KEY AUTOINCREMENT,
    "uuid" CHAR(512),
    "app_name" CHAR(512),
    "method" CHAR(512),
    "path" CHAR(512),
    "timestamp" TIMESTAMP,
    "client_ip" CHAR(512),
    "error" CHAR(512),
    "snapshot" TEXT
);
timestamp: 2023-06-09T22:46:25.749126
CREATE TABLE "py4web_error"(
    "id" INTEGER PRIMARY KEY AUTOINCREMENT,
    "uuid" CHAR(512),
    "app_name" CHAR(512),
    "method" CHAR(512),
    "path" CHAR(512),
    "timestamp" TIMESTAMP,
    "client_ip" CHAR(512),
    "error" CHAR(512),
    "snapshot" TEXT
);
timestamp: 2023-06-09T23:18:58.214011
CREATE TABLE "py4web_error"(
    "id" INTEGER PRIMARY KEY AUTOINCREMENT,
    "uuid" CHAR(512),
    "app_name" CHAR(512),
    "method" CHAR(512),
    "path" CHAR(512),
    "timestamp" TIMESTAMP,
    "client_ip" CHAR(512),
    "error" CHAR(512),
    "snapshot" TEXT
);
